/!\ FAILSAFE /!\  Sat Sep 03 11:25:31 -0700 2011
  Status: 500 Internal Server Error
  no such file to load -- sqlite3
    /Users/walker/.rvm/rubies/ruby-1.8.7-p334/lib/ruby/site_ruby/1.8/rubygems/custom_require.rb:36:in `gem_original_require'
    /Users/walker/.rvm/rubies/ruby-1.8.7-p334/lib/ruby/site_ruby/1.8/rubygems/custom_require.rb:36:in `require'
    /Users/walker/.rvm/gems/ruby-1.8.7-p334/gems/activesupport-2.3.11/lib/active_support/dependencies.rb:186:in `require'
    /Users/walker/.rvm/gems/ruby-1.8.7-p334/gems/activesupport-2.3.11/lib/active_support/dependencies.rb:551:in `new_constants_in'
    /Users/walker/.rvm/gems/ruby-1.8.7-p334/gems/activesupport-2.3.11/lib/active_support/dependencies.rb:186:in `require'
    /Users/walker/.rvm/gems/ruby-1.8.7-p334/gems/activesupport-2.3.11/lib/active_support/core_ext/kernel/requires.rb:7:in `require_library_or_gem'
    /Users/walker/.rvm/gems/ruby-1.8.7-p334/gems/activesupport-2.3.11/lib/active_support/core_ext/kernel/reporting.rb:11:in `silence_warnings'
    /Users/walker/.rvm/gems/ruby-1.8.7-p334/gems/activesupport-2.3.11/lib/active_support/core_ext/kernel/requires.rb:5:in `require_library_or_gem'
    /Users/walker/.rvm/gems/ruby-1.8.7-p334/gems/activerecord-2.3.11/lib/active_record/connection_adapters/sqlite3_adapter.rb:10:in `sqlite3_connection'
    /Users/walker/.rvm/gems/ruby-1.8.7-p334/gems/activerecord-2.3.11/lib/active_record/connection_adapters/abstract/connection_pool.rb:223:in `send'
    /Users/walker/.rvm/gems/ruby-1.8.7-p334/gems/activerecord-2.3.11/lib/active_record/connection_adapters/abstract/connection_pool.rb:223:in `new_connection'
    /Users/walker/.rvm/gems/ruby-1.8.7-p334/gems/activerecord-2.3.11/lib/active_record/connection_adapters/abstract/connection_pool.rb:245:in `checkout_new_connection'
    /Users/walker/.rvm/gems/ruby-1.8.7-p334/gems/activerecord-2.3.11/lib/active_record/connection_adapters/abstract/connection_pool.rb:188:in `checkout'
    /Users/walker/.rvm/gems/ruby-1.8.7-p334/gems/activerecord-2.3.11/lib/active_record/connection_adapters/abstract/connection_pool.rb:184:in `loop'
    /Users/walker/.rvm/gems/ruby-1.8.7-p334/gems/activerecord-2.3.11/lib/active_record/connection_adapters/abstract/connection_pool.rb:184:in `checkout'
    /Users/walker/.rvm/rubies/ruby-1.8.7-p334/lib/ruby/1.8/monitor.rb:242:in `synchronize'
    /Users/walker/.rvm/gems/ruby-1.8.7-p334/gems/activerecord-2.3.11/lib/active_record/connection_adapters/abstract/connection_pool.rb:183:in `checkout'
    /Users/walker/.rvm/gems/ruby-1.8.7-p334/gems/activerecord-2.3.11/lib/active_record/connection_adapters/abstract/connection_pool.rb:98:in `connection'
    /Users/walker/.rvm/gems/ruby-1.8.7-p334/gems/activerecord-2.3.11/lib/active_record/connection_adapters/abstract/connection_pool.rb:326:in `retrieve_connection'
    /Users/walker/.rvm/gems/ruby-1.8.7-p334/gems/activerecord-2.3.11/lib/active_record/connection_adapters/abstract/connection_specification.rb:123:in `retrieve_connection'
    /Users/walker/.rvm/gems/ruby-1.8.7-p334/gems/activerecord-2.3.11/lib/active_record/connection_adapters/abstract/connection_specification.rb:115:in `connection'
    /Users/walker/.rvm/gems/ruby-1.8.7-p334/gems/activerecord-2.3.11/lib/active_record/query_cache.rb:9:in `cache'
    /Users/walker/.rvm/gems/ruby-1.8.7-p334/gems/activerecord-2.3.11/lib/active_record/query_cache.rb:28:in `call'
    /Users/walker/.rvm/gems/ruby-1.8.7-p334/gems/activerecord-2.3.11/lib/active_record/connection_adapters/abstract/connection_pool.rb:361:in `call'
    /Users/walker/.rvm/gems/ruby-1.8.7-p334/gems/actionpack-2.3.11/lib/action_controller/string_coercion.rb:25:in `call'
    /Users/walker/.rvm/gems/ruby-1.8.7-p334/gems/rack-1.1.2/lib/rack/head.rb:9:in `call'
    /Users/walker/.rvm/gems/ruby-1.8.7-p334/gems/rack-1.1.2/lib/rack/methodoverride.rb:24:in `call'
    /Users/walker/.rvm/gems/ruby-1.8.7-p334/gems/actionpack-2.3.11/lib/action_controller/params_parser.rb:15:in `call'
    /Users/walker/.rvm/gems/ruby-1.8.7-p334/gems/actionpack-2.3.11/lib/action_controller/session/cookie_store.rb:99:in `call'
    /Users/walker/.rvm/gems/ruby-1.8.7-p334/gems/actionpack-2.3.11/lib/action_controller/failsafe.rb:26:in `call'
    /Users/walker/.rvm/gems/ruby-1.8.7-p334/gems/rack-1.1.2/lib/rack/lock.rb:11:in `call'
    /Users/walker/.rvm/gems/ruby-1.8.7-p334/gems/rack-1.1.2/lib/rack/lock.rb:11:in `synchronize'
    /Users/walker/.rvm/gems/ruby-1.8.7-p334/gems/rack-1.1.2/lib/rack/lock.rb:11:in `call'
    /Users/walker/.rvm/gems/ruby-1.8.7-p334/gems/actionpack-2.3.11/lib/action_controller/dispatcher.rb:114:in `call'
    /Users/walker/.rvm/gems/ruby-1.8.7-p334/gems/actionpack-2.3.11/lib/action_controller/reloader.rb:34:in `run'
    /Users/walker/.rvm/gems/ruby-1.8.7-p334/gems/actionpack-2.3.11/lib/action_controller/dispatcher.rb:108:in `call'
    /Users/walker/.rvm/gems/ruby-1.8.7-p334/gems/rails-2.3.11/lib/rails/rack/static.rb:31:in `call'
    /Users/walker/.rvm/gems/ruby-1.8.7-p334/gems/rack-1.1.2/lib/rack/urlmap.rb:47:in `call'
    /Users/walker/.rvm/gems/ruby-1.8.7-p334/gems/rack-1.1.2/lib/rack/urlmap.rb:41:in `each'
    /Users/walker/.rvm/gems/ruby-1.8.7-p334/gems/rack-1.1.2/lib/rack/urlmap.rb:41:in `call'
    /Users/walker/.rvm/gems/ruby-1.8.7-p334/gems/rails-2.3.11/lib/rails/rack/log_tailer.rb:17:in `call'
    /Users/walker/.rvm/gems/ruby-1.8.7-p334/gems/rack-1.1.2/lib/rack/content_length.rb:13:in `call'
    /Users/walker/.rvm/gems/ruby-1.8.7-p334/gems/rack-1.1.2/lib/rack/handler/webrick.rb:48:in `service'
    /Users/walker/.rvm/rubies/ruby-1.8.7-p334/lib/ruby/1.8/webrick/httpserver.rb:104:in `service'
    /Users/walker/.rvm/rubies/ruby-1.8.7-p334/lib/ruby/1.8/webrick/httpserver.rb:65:in `run'
    /Users/walker/.rvm/rubies/ruby-1.8.7-p334/lib/ruby/1.8/webrick/server.rb:173:in `start_thread'
    /Users/walker/.rvm/rubies/ruby-1.8.7-p334/lib/ruby/1.8/webrick/server.rb:162:in `start'
    /Users/walker/.rvm/rubies/ruby-1.8.7-p334/lib/ruby/1.8/webrick/server.rb:162:in `start_thread'
    /Users/walker/.rvm/rubies/ruby-1.8.7-p334/lib/ruby/1.8/webrick/server.rb:95:in `start'
    /Users/walker/.rvm/rubies/ruby-1.8.7-p334/lib/ruby/1.8/webrick/server.rb:92:in `each'
    /Users/walker/.rvm/rubies/ruby-1.8.7-p334/lib/ruby/1.8/webrick/server.rb:92:in `start'
    /Users/walker/.rvm/rubies/ruby-1.8.7-p334/lib/ruby/1.8/webrick/server.rb:23:in `start'
    /Users/walker/.rvm/rubies/ruby-1.8.7-p334/lib/ruby/1.8/webrick/server.rb:82:in `start'
    /Users/walker/.rvm/gems/ruby-1.8.7-p334/gems/rack-1.1.2/lib/rack/handler/webrick.rb:14:in `run'
    /Users/walker/.rvm/gems/ruby-1.8.7-p334/gems/rails-2.3.11/lib/commands/server.rb:111
    /Users/walker/.rvm/rubies/ruby-1.8.7-p334/lib/ruby/site_ruby/1.8/rubygems/custom_require.rb:36:in `gem_original_require'
    /Users/walker/.rvm/rubies/ruby-1.8.7-p334/lib/ruby/site_ruby/1.8/rubygems/custom_require.rb:36:in `require'
    ./script/server:3
/!\ FAILSAFE /!\  Sat Sep 03 11:27:15 -0700 2011
  Status: 500 Internal Server Error
  no such file to load -- sqlite3
    /Users/walker/.rvm/rubies/ruby-1.8.7-p334/lib/ruby/site_ruby/1.8/rubygems/custom_require.rb:36:in `gem_original_require'
    /Users/walker/.rvm/rubies/ruby-1.8.7-p334/lib/ruby/site_ruby/1.8/rubygems/custom_require.rb:36:in `require'
    /Users/walker/.rvm/gems/ruby-1.8.7-p334/gems/activesupport-2.3.11/lib/active_support/dependencies.rb:186:in `require'
    /Users/walker/.rvm/gems/ruby-1.8.7-p334/gems/activesupport-2.3.11/lib/active_support/dependencies.rb:551:in `new_constants_in'
    /Users/walker/.rvm/gems/ruby-1.8.7-p334/gems/activesupport-2.3.11/lib/active_support/dependencies.rb:186:in `require'
    /Users/walker/.rvm/gems/ruby-1.8.7-p334/gems/activesupport-2.3.11/lib/active_support/core_ext/kernel/requires.rb:7:in `require_library_or_gem'
    /Users/walker/.rvm/gems/ruby-1.8.7-p334/gems/activesupport-2.3.11/lib/active_support/core_ext/kernel/reporting.rb:11:in `silence_warnings'
    /Users/walker/.rvm/gems/ruby-1.8.7-p334/gems/activesupport-2.3.11/lib/active_support/core_ext/kernel/requires.rb:5:in `require_library_or_gem'
    /Users/walker/.rvm/gems/ruby-1.8.7-p334/gems/activerecord-2.3.11/lib/active_record/connection_adapters/sqlite3_adapter.rb:10:in `sqlite3_connection'
    /Users/walker/.rvm/gems/ruby-1.8.7-p334/gems/activerecord-2.3.11/lib/active_record/connection_adapters/abstract/connection_pool.rb:223:in `send'
    /Users/walker/.rvm/gems/ruby-1.8.7-p334/gems/activerecord-2.3.11/lib/active_record/connection_adapters/abstract/connection_pool.rb:223:in `new_connection'
    /Users/walker/.rvm/gems/ruby-1.8.7-p334/gems/activerecord-2.3.11/lib/active_record/connection_adapters/abstract/connection_pool.rb:245:in `checkout_new_connection'
    /Users/walker/.rvm/gems/ruby-1.8.7-p334/gems/activerecord-2.3.11/lib/active_record/connection_adapters/abstract/connection_pool.rb:188:in `checkout'
    /Users/walker/.rvm/gems/ruby-1.8.7-p334/gems/activerecord-2.3.11/lib/active_record/connection_adapters/abstract/connection_pool.rb:184:in `loop'
    /Users/walker/.rvm/gems/ruby-1.8.7-p334/gems/activerecord-2.3.11/lib/active_record/connection_adapters/abstract/connection_pool.rb:184:in `checkout'
    /Users/walker/.rvm/rubies/ruby-1.8.7-p334/lib/ruby/1.8/monitor.rb:242:in `synchronize'
    /Users/walker/.rvm/gems/ruby-1.8.7-p334/gems/activerecord-2.3.11/lib/active_record/connection_adapters/abstract/connection_pool.rb:183:in `checkout'
    /Users/walker/.rvm/gems/ruby-1.8.7-p334/gems/activerecord-2.3.11/lib/active_record/connection_adapters/abstract/connection_pool.rb:98:in `connection'
    /Users/walker/.rvm/gems/ruby-1.8.7-p334/gems/activerecord-2.3.11/lib/active_record/connection_adapters/abstract/connection_pool.rb:326:in `retrieve_connection'
    /Users/walker/.rvm/gems/ruby-1.8.7-p334/gems/activerecord-2.3.11/lib/active_record/connection_adapters/abstract/connection_specification.rb:123:in `retrieve_connection'
    /Users/walker/.rvm/gems/ruby-1.8.7-p334/gems/activerecord-2.3.11/lib/active_record/connection_adapters/abstract/connection_specification.rb:115:in `connection'
    /Users/walker/.rvm/gems/ruby-1.8.7-p334/gems/activerecord-2.3.11/lib/active_record/query_cache.rb:9:in `cache'
    /Users/walker/.rvm/gems/ruby-1.8.7-p334/gems/activerecord-2.3.11/lib/active_record/query_cache.rb:28:in `call'
    /Users/walker/.rvm/gems/ruby-1.8.7-p334/gems/activerecord-2.3.11/lib/active_record/connection_adapters/abstract/connection_pool.rb:361:in `call'
    /Users/walker/.rvm/gems/ruby-1.8.7-p334/gems/actionpack-2.3.11/lib/action_controller/string_coercion.rb:25:in `call'
    /Users/walker/.rvm/gems/ruby-1.8.7-p334/gems/rack-1.1.2/lib/rack/head.rb:9:in `call'
    /Users/walker/.rvm/gems/ruby-1.8.7-p334/gems/rack-1.1.2/lib/rack/methodoverride.rb:24:in `call'
    /Users/walker/.rvm/gems/ruby-1.8.7-p334/gems/actionpack-2.3.11/lib/action_controller/params_parser.rb:15:in `call'
    /Users/walker/.rvm/gems/ruby-1.8.7-p334/gems/actionpack-2.3.11/lib/action_controller/session/cookie_store.rb:99:in `call'
    /Users/walker/.rvm/gems/ruby-1.8.7-p334/gems/actionpack-2.3.11/lib/action_controller/failsafe.rb:26:in `call'
    /Users/walker/.rvm/gems/ruby-1.8.7-p334/gems/rack-1.1.2/lib/rack/lock.rb:11:in `call'
    /Users/walker/.rvm/gems/ruby-1.8.7-p334/gems/rack-1.1.2/lib/rack/lock.rb:11:in `synchronize'
    /Users/walker/.rvm/gems/ruby-1.8.7-p334/gems/rack-1.1.2/lib/rack/lock.rb:11:in `call'
    /Users/walker/.rvm/gems/ruby-1.8.7-p334/gems/actionpack-2.3.11/lib/action_controller/dispatcher.rb:114:in `call'
    /Users/walker/.rvm/gems/ruby-1.8.7-p334/gems/actionpack-2.3.11/lib/action_controller/reloader.rb:34:in `run'
    /Users/walker/.rvm/gems/ruby-1.8.7-p334/gems/actionpack-2.3.11/lib/action_controller/dispatcher.rb:108:in `call'
    /Users/walker/.rvm/gems/ruby-1.8.7-p334/gems/rails-2.3.11/lib/rails/rack/static.rb:31:in `call'
    /Users/walker/.rvm/gems/ruby-1.8.7-p334/gems/rack-1.1.2/lib/rack/urlmap.rb:47:in `call'
    /Users/walker/.rvm/gems/ruby-1.8.7-p334/gems/rack-1.1.2/lib/rack/urlmap.rb:41:in `each'
    /Users/walker/.rvm/gems/ruby-1.8.7-p334/gems/rack-1.1.2/lib/rack/urlmap.rb:41:in `call'
    /Users/walker/.rvm/gems/ruby-1.8.7-p334/gems/rails-2.3.11/lib/rails/rack/log_tailer.rb:17:in `call'
    /Users/walker/.rvm/gems/ruby-1.8.7-p334/gems/rack-1.1.2/lib/rack/content_length.rb:13:in `call'
    /Users/walker/.rvm/gems/ruby-1.8.7-p334/gems/rack-1.1.2/lib/rack/handler/webrick.rb:48:in `service'
    /Users/walker/.rvm/rubies/ruby-1.8.7-p334/lib/ruby/1.8/webrick/httpserver.rb:104:in `service'
    /Users/walker/.rvm/rubies/ruby-1.8.7-p334/lib/ruby/1.8/webrick/httpserver.rb:65:in `run'
    /Users/walker/.rvm/rubies/ruby-1.8.7-p334/lib/ruby/1.8/webrick/server.rb:173:in `start_thread'
    /Users/walker/.rvm/rubies/ruby-1.8.7-p334/lib/ruby/1.8/webrick/server.rb:162:in `start'
    /Users/walker/.rvm/rubies/ruby-1.8.7-p334/lib/ruby/1.8/webrick/server.rb:162:in `start_thread'
    /Users/walker/.rvm/rubies/ruby-1.8.7-p334/lib/ruby/1.8/webrick/server.rb:95:in `start'
    /Users/walker/.rvm/rubies/ruby-1.8.7-p334/lib/ruby/1.8/webrick/server.rb:92:in `each'
    /Users/walker/.rvm/rubies/ruby-1.8.7-p334/lib/ruby/1.8/webrick/server.rb:92:in `start'
    /Users/walker/.rvm/rubies/ruby-1.8.7-p334/lib/ruby/1.8/webrick/server.rb:23:in `start'
    /Users/walker/.rvm/rubies/ruby-1.8.7-p334/lib/ruby/1.8/webrick/server.rb:82:in `start'
    /Users/walker/.rvm/gems/ruby-1.8.7-p334/gems/rack-1.1.2/lib/rack/handler/webrick.rb:14:in `run'
    /Users/walker/.rvm/gems/ruby-1.8.7-p334/gems/rails-2.3.11/lib/commands/server.rb:111
    /Users/walker/.rvm/rubies/ruby-1.8.7-p334/lib/ruby/site_ruby/1.8/rubygems/custom_require.rb:36:in `gem_original_require'
    /Users/walker/.rvm/rubies/ruby-1.8.7-p334/lib/ruby/site_ruby/1.8/rubygems/custom_require.rb:36:in `require'
    ./script/server:3
/!\ FAILSAFE /!\  Sat Sep 03 11:27:27 -0700 2011
  Status: 500 Internal Server Error
  Unknown database 'db/development.sqlite3'
    /Users/walker/.rvm/gems/ruby-1.8.7-p334/gems/activerecord-2.3.11/lib/active_record/connection_adapters/mysql_adapter.rb:620:in `real_connect'
    /Users/walker/.rvm/gems/ruby-1.8.7-p334/gems/activerecord-2.3.11/lib/active_record/connection_adapters/mysql_adapter.rb:620:in `connect'
    /Users/walker/.rvm/gems/ruby-1.8.7-p334/gems/activerecord-2.3.11/lib/active_record/connection_adapters/mysql_adapter.rb:203:in `initialize'
    /Users/walker/.rvm/gems/ruby-1.8.7-p334/gems/activerecord-2.3.11/lib/active_record/connection_adapters/mysql_adapter.rb:75:in `new'
    /Users/walker/.rvm/gems/ruby-1.8.7-p334/gems/activerecord-2.3.11/lib/active_record/connection_adapters/mysql_adapter.rb:75:in `mysql_connection'
    /Users/walker/.rvm/gems/ruby-1.8.7-p334/gems/activerecord-2.3.11/lib/active_record/connection_adapters/abstract/connection_pool.rb:223:in `send'
    /Users/walker/.rvm/gems/ruby-1.8.7-p334/gems/activerecord-2.3.11/lib/active_record/connection_adapters/abstract/connection_pool.rb:223:in `new_connection'
    /Users/walker/.rvm/gems/ruby-1.8.7-p334/gems/activerecord-2.3.11/lib/active_record/connection_adapters/abstract/connection_pool.rb:245:in `checkout_new_connection'
    /Users/walker/.rvm/gems/ruby-1.8.7-p334/gems/activerecord-2.3.11/lib/active_record/connection_adapters/abstract/connection_pool.rb:188:in `checkout'
    /Users/walker/.rvm/gems/ruby-1.8.7-p334/gems/activerecord-2.3.11/lib/active_record/connection_adapters/abstract/connection_pool.rb:184:in `loop'
    /Users/walker/.rvm/gems/ruby-1.8.7-p334/gems/activerecord-2.3.11/lib/active_record/connection_adapters/abstract/connection_pool.rb:184:in `checkout'
    /Users/walker/.rvm/rubies/ruby-1.8.7-p334/lib/ruby/1.8/monitor.rb:242:in `synchronize'
    /Users/walker/.rvm/gems/ruby-1.8.7-p334/gems/activerecord-2.3.11/lib/active_record/connection_adapters/abstract/connection_pool.rb:183:in `checkout'
    /Users/walker/.rvm/gems/ruby-1.8.7-p334/gems/activerecord-2.3.11/lib/active_record/connection_adapters/abstract/connection_pool.rb:98:in `connection'
    /Users/walker/.rvm/gems/ruby-1.8.7-p334/gems/activerecord-2.3.11/lib/active_record/connection_adapters/abstract/connection_pool.rb:326:in `retrieve_connection'
    /Users/walker/.rvm/gems/ruby-1.8.7-p334/gems/activerecord-2.3.11/lib/active_record/connection_adapters/abstract/connection_specification.rb:123:in `retrieve_connection'
    /Users/walker/.rvm/gems/ruby-1.8.7-p334/gems/activerecord-2.3.11/lib/active_record/connection_adapters/abstract/connection_specification.rb:115:in `connection'
    /Users/walker/.rvm/gems/ruby-1.8.7-p334/gems/activerecord-2.3.11/lib/active_record/query_cache.rb:9:in `cache'
    /Users/walker/.rvm/gems/ruby-1.8.7-p334/gems/activerecord-2.3.11/lib/active_record/query_cache.rb:28:in `call'
    /Users/walker/.rvm/gems/ruby-1.8.7-p334/gems/activerecord-2.3.11/lib/active_record/connection_adapters/abstract/connection_pool.rb:361:in `call'
    /Users/walker/.rvm/gems/ruby-1.8.7-p334/gems/actionpack-2.3.11/lib/action_controller/string_coercion.rb:25:in `call'
    /Users/walker/.rvm/gems/ruby-1.8.7-p334/gems/rack-1.1.2/lib/rack/head.rb:9:in `call'
    /Users/walker/.rvm/gems/ruby-1.8.7-p334/gems/rack-1.1.2/lib/rack/methodoverride.rb:24:in `call'
    /Users/walker/.rvm/gems/ruby-1.8.7-p334/gems/actionpack-2.3.11/lib/action_controller/params_parser.rb:15:in `call'
    /Users/walker/.rvm/gems/ruby-1.8.7-p334/gems/actionpack-2.3.11/lib/action_controller/session/cookie_store.rb:99:in `call'
    /Users/walker/.rvm/gems/ruby-1.8.7-p334/gems/actionpack-2.3.11/lib/action_controller/failsafe.rb:26:in `call'
    /Users/walker/.rvm/gems/ruby-1.8.7-p334/gems/rack-1.1.2/lib/rack/lock.rb:11:in `call'
    /Users/walker/.rvm/gems/ruby-1.8.7-p334/gems/rack-1.1.2/lib/rack/lock.rb:11:in `synchronize'
    /Users/walker/.rvm/gems/ruby-1.8.7-p334/gems/rack-1.1.2/lib/rack/lock.rb:11:in `call'
    /Users/walker/.rvm/gems/ruby-1.8.7-p334/gems/actionpack-2.3.11/lib/action_controller/dispatcher.rb:114:in `call'
    /Users/walker/.rvm/gems/ruby-1.8.7-p334/gems/actionpack-2.3.11/lib/action_controller/reloader.rb:34:in `run'
    /Users/walker/.rvm/gems/ruby-1.8.7-p334/gems/actionpack-2.3.11/lib/action_controller/dispatcher.rb:108:in `call'
    /Users/walker/.rvm/gems/ruby-1.8.7-p334/gems/rails-2.3.11/lib/rails/rack/static.rb:31:in `call'
    /Users/walker/.rvm/gems/ruby-1.8.7-p334/gems/rack-1.1.2/lib/rack/urlmap.rb:47:in `call'
    /Users/walker/.rvm/gems/ruby-1.8.7-p334/gems/rack-1.1.2/lib/rack/urlmap.rb:41:in `each'
    /Users/walker/.rvm/gems/ruby-1.8.7-p334/gems/rack-1.1.2/lib/rack/urlmap.rb:41:in `call'
    /Users/walker/.rvm/gems/ruby-1.8.7-p334/gems/rails-2.3.11/lib/rails/rack/log_tailer.rb:17:in `call'
    /Users/walker/.rvm/gems/ruby-1.8.7-p334/gems/rack-1.1.2/lib/rack/content_length.rb:13:in `call'
    /Users/walker/.rvm/gems/ruby-1.8.7-p334/gems/rack-1.1.2/lib/rack/handler/webrick.rb:48:in `service'
    /Users/walker/.rvm/rubies/ruby-1.8.7-p334/lib/ruby/1.8/webrick/httpserver.rb:104:in `service'
    /Users/walker/.rvm/rubies/ruby-1.8.7-p334/lib/ruby/1.8/webrick/httpserver.rb:65:in `run'
    /Users/walker/.rvm/rubies/ruby-1.8.7-p334/lib/ruby/1.8/webrick/server.rb:173:in `start_thread'
    /Users/walker/.rvm/rubies/ruby-1.8.7-p334/lib/ruby/1.8/webrick/server.rb:162:in `start'
    /Users/walker/.rvm/rubies/ruby-1.8.7-p334/lib/ruby/1.8/webrick/server.rb:162:in `start_thread'
    /Users/walker/.rvm/rubies/ruby-1.8.7-p334/lib/ruby/1.8/webrick/server.rb:95:in `start'
    /Users/walker/.rvm/rubies/ruby-1.8.7-p334/lib/ruby/1.8/webrick/server.rb:92:in `each'
    /Users/walker/.rvm/rubies/ruby-1.8.7-p334/lib/ruby/1.8/webrick/server.rb:92:in `start'
    /Users/walker/.rvm/rubies/ruby-1.8.7-p334/lib/ruby/1.8/webrick/server.rb:23:in `start'
    /Users/walker/.rvm/rubies/ruby-1.8.7-p334/lib/ruby/1.8/webrick/server.rb:82:in `start'
    /Users/walker/.rvm/gems/ruby-1.8.7-p334/gems/rack-1.1.2/lib/rack/handler/webrick.rb:14:in `run'
    /Users/walker/.rvm/gems/ruby-1.8.7-p334/gems/rails-2.3.11/lib/commands/server.rb:111
    /Users/walker/.rvm/rubies/ruby-1.8.7-p334/lib/ruby/site_ruby/1.8/rubygems/custom_require.rb:36:in `gem_original_require'
    /Users/walker/.rvm/rubies/ruby-1.8.7-p334/lib/ruby/site_ruby/1.8/rubygems/custom_require.rb:36:in `require'
    ./script/server:3
/!\ FAILSAFE /!\  Sat Sep 03 11:29:06 -0700 2011
  Status: 500 Internal Server Error
  Unknown database 'db/development.sqlite3'
    /Users/walker/.rvm/gems/ruby-1.8.7-p334/gems/activerecord-2.3.11/lib/active_record/connection_adapters/mysql_adapter.rb:620:in `real_connect'
    /Users/walker/.rvm/gems/ruby-1.8.7-p334/gems/activerecord-2.3.11/lib/active_record/connection_adapters/mysql_adapter.rb:620:in `connect'
    /Users/walker/.rvm/gems/ruby-1.8.7-p334/gems/activerecord-2.3.11/lib/active_record/connection_adapters/mysql_adapter.rb:203:in `initialize'
    /Users/walker/.rvm/gems/ruby-1.8.7-p334/gems/activerecord-2.3.11/lib/active_record/connection_adapters/mysql_adapter.rb:75:in `new'
    /Users/walker/.rvm/gems/ruby-1.8.7-p334/gems/activerecord-2.3.11/lib/active_record/connection_adapters/mysql_adapter.rb:75:in `mysql_connection'
    /Users/walker/.rvm/gems/ruby-1.8.7-p334/gems/activerecord-2.3.11/lib/active_record/connection_adapters/abstract/connection_pool.rb:223:in `send'
    /Users/walker/.rvm/gems/ruby-1.8.7-p334/gems/activerecord-2.3.11/lib/active_record/connection_adapters/abstract/connection_pool.rb:223:in `new_connection'
    /Users/walker/.rvm/gems/ruby-1.8.7-p334/gems/activerecord-2.3.11/lib/active_record/connection_adapters/abstract/connection_pool.rb:245:in `checkout_new_connection'
    /Users/walker/.rvm/gems/ruby-1.8.7-p334/gems/activerecord-2.3.11/lib/active_record/connection_adapters/abstract/connection_pool.rb:188:in `checkout'
    /Users/walker/.rvm/gems/ruby-1.8.7-p334/gems/activerecord-2.3.11/lib/active_record/connection_adapters/abstract/connection_pool.rb:184:in `loop'
    /Users/walker/.rvm/gems/ruby-1.8.7-p334/gems/activerecord-2.3.11/lib/active_record/connection_adapters/abstract/connection_pool.rb:184:in `checkout'
    /Users/walker/.rvm/rubies/ruby-1.8.7-p334/lib/ruby/1.8/monitor.rb:242:in `synchronize'
    /Users/walker/.rvm/gems/ruby-1.8.7-p334/gems/activerecord-2.3.11/lib/active_record/connection_adapters/abstract/connection_pool.rb:183:in `checkout'
    /Users/walker/.rvm/gems/ruby-1.8.7-p334/gems/activerecord-2.3.11/lib/active_record/connection_adapters/abstract/connection_pool.rb:98:in `connection'
    /Users/walker/.rvm/gems/ruby-1.8.7-p334/gems/activerecord-2.3.11/lib/active_record/connection_adapters/abstract/connection_pool.rb:326:in `retrieve_connection'
    /Users/walker/.rvm/gems/ruby-1.8.7-p334/gems/activerecord-2.3.11/lib/active_record/connection_adapters/abstract/connection_specification.rb:123:in `retrieve_connection'
    /Users/walker/.rvm/gems/ruby-1.8.7-p334/gems/activerecord-2.3.11/lib/active_record/connection_adapters/abstract/connection_specification.rb:115:in `connection'
    /Users/walker/.rvm/gems/ruby-1.8.7-p334/gems/activerecord-2.3.11/lib/active_record/query_cache.rb:9:in `cache'
    /Users/walker/.rvm/gems/ruby-1.8.7-p334/gems/activerecord-2.3.11/lib/active_record/query_cache.rb:28:in `call'
    /Users/walker/.rvm/gems/ruby-1.8.7-p334/gems/activerecord-2.3.11/lib/active_record/connection_adapters/abstract/connection_pool.rb:361:in `call'
    /Users/walker/.rvm/gems/ruby-1.8.7-p334/gems/actionpack-2.3.11/lib/action_controller/string_coercion.rb:25:in `call'
    /Users/walker/.rvm/gems/ruby-1.8.7-p334/gems/rack-1.1.2/lib/rack/head.rb:9:in `call'
    /Users/walker/.rvm/gems/ruby-1.8.7-p334/gems/rack-1.1.2/lib/rack/methodoverride.rb:24:in `call'
    /Users/walker/.rvm/gems/ruby-1.8.7-p334/gems/actionpack-2.3.11/lib/action_controller/params_parser.rb:15:in `call'
    /Users/walker/.rvm/gems/ruby-1.8.7-p334/gems/actionpack-2.3.11/lib/action_controller/session/cookie_store.rb:99:in `call'
    /Users/walker/.rvm/gems/ruby-1.8.7-p334/gems/actionpack-2.3.11/lib/action_controller/failsafe.rb:26:in `call'
    /Users/walker/.rvm/gems/ruby-1.8.7-p334/gems/rack-1.1.2/lib/rack/lock.rb:11:in `call'
    /Users/walker/.rvm/gems/ruby-1.8.7-p334/gems/rack-1.1.2/lib/rack/lock.rb:11:in `synchronize'
    /Users/walker/.rvm/gems/ruby-1.8.7-p334/gems/rack-1.1.2/lib/rack/lock.rb:11:in `call'
    /Users/walker/.rvm/gems/ruby-1.8.7-p334/gems/actionpack-2.3.11/lib/action_controller/dispatcher.rb:114:in `call'
    /Users/walker/.rvm/gems/ruby-1.8.7-p334/gems/actionpack-2.3.11/lib/action_controller/reloader.rb:34:in `run'
    /Users/walker/.rvm/gems/ruby-1.8.7-p334/gems/actionpack-2.3.11/lib/action_controller/dispatcher.rb:108:in `call'
    /Users/walker/.rvm/gems/ruby-1.8.7-p334/gems/rails-2.3.11/lib/rails/rack/static.rb:31:in `call'
    /Users/walker/.rvm/gems/ruby-1.8.7-p334/gems/rack-1.1.2/lib/rack/urlmap.rb:47:in `call'
    /Users/walker/.rvm/gems/ruby-1.8.7-p334/gems/rack-1.1.2/lib/rack/urlmap.rb:41:in `each'
    /Users/walker/.rvm/gems/ruby-1.8.7-p334/gems/rack-1.1.2/lib/rack/urlmap.rb:41:in `call'
    /Users/walker/.rvm/gems/ruby-1.8.7-p334/gems/rails-2.3.11/lib/rails/rack/log_tailer.rb:17:in `call'
    /Users/walker/.rvm/gems/ruby-1.8.7-p334/gems/rack-1.1.2/lib/rack/content_length.rb:13:in `call'
    /Users/walker/.rvm/gems/ruby-1.8.7-p334/gems/rack-1.1.2/lib/rack/handler/webrick.rb:48:in `service'
    /Users/walker/.rvm/rubies/ruby-1.8.7-p334/lib/ruby/1.8/webrick/httpserver.rb:104:in `service'
    /Users/walker/.rvm/rubies/ruby-1.8.7-p334/lib/ruby/1.8/webrick/httpserver.rb:65:in `run'
    /Users/walker/.rvm/rubies/ruby-1.8.7-p334/lib/ruby/1.8/webrick/server.rb:173:in `start_thread'
    /Users/walker/.rvm/rubies/ruby-1.8.7-p334/lib/ruby/1.8/webrick/server.rb:162:in `start'
    /Users/walker/.rvm/rubies/ruby-1.8.7-p334/lib/ruby/1.8/webrick/server.rb:162:in `start_thread'
    /Users/walker/.rvm/rubies/ruby-1.8.7-p334/lib/ruby/1.8/webrick/server.rb:95:in `start'
    /Users/walker/.rvm/rubies/ruby-1.8.7-p334/lib/ruby/1.8/webrick/server.rb:92:in `each'
    /Users/walker/.rvm/rubies/ruby-1.8.7-p334/lib/ruby/1.8/webrick/server.rb:92:in `start'
    /Users/walker/.rvm/rubies/ruby-1.8.7-p334/lib/ruby/1.8/webrick/server.rb:23:in `start'
    /Users/walker/.rvm/rubies/ruby-1.8.7-p334/lib/ruby/1.8/webrick/server.rb:82:in `start'
    /Users/walker/.rvm/gems/ruby-1.8.7-p334/gems/rack-1.1.2/lib/rack/handler/webrick.rb:14:in `run'
    /Users/walker/.rvm/gems/ruby-1.8.7-p334/gems/rails-2.3.11/lib/commands/server.rb:111
    /Users/walker/.rvm/rubies/ruby-1.8.7-p334/lib/ruby/site_ruby/1.8/rubygems/custom_require.rb:36:in `gem_original_require'
    /Users/walker/.rvm/rubies/ruby-1.8.7-p334/lib/ruby/site_ruby/1.8/rubygems/custom_require.rb:36:in `require'
    ./script/server:3
/!\ FAILSAFE /!\  Sat Sep 03 11:29:13 -0700 2011
  Status: 500 Internal Server Error
  Unknown database 'gitcheegumee_development'
    /Users/walker/.rvm/gems/ruby-1.8.7-p334/gems/activerecord-2.3.11/lib/active_record/connection_adapters/mysql_adapter.rb:620:in `real_connect'
    /Users/walker/.rvm/gems/ruby-1.8.7-p334/gems/activerecord-2.3.11/lib/active_record/connection_adapters/mysql_adapter.rb:620:in `connect'
    /Users/walker/.rvm/gems/ruby-1.8.7-p334/gems/activerecord-2.3.11/lib/active_record/connection_adapters/mysql_adapter.rb:203:in `initialize'
    /Users/walker/.rvm/gems/ruby-1.8.7-p334/gems/activerecord-2.3.11/lib/active_record/connection_adapters/mysql_adapter.rb:75:in `new'
    /Users/walker/.rvm/gems/ruby-1.8.7-p334/gems/activerecord-2.3.11/lib/active_record/connection_adapters/mysql_adapter.rb:75:in `mysql_connection'
    /Users/walker/.rvm/gems/ruby-1.8.7-p334/gems/activerecord-2.3.11/lib/active_record/connection_adapters/abstract/connection_pool.rb:223:in `send'
    /Users/walker/.rvm/gems/ruby-1.8.7-p334/gems/activerecord-2.3.11/lib/active_record/connection_adapters/abstract/connection_pool.rb:223:in `new_connection'
    /Users/walker/.rvm/gems/ruby-1.8.7-p334/gems/activerecord-2.3.11/lib/active_record/connection_adapters/abstract/connection_pool.rb:245:in `checkout_new_connection'
    /Users/walker/.rvm/gems/ruby-1.8.7-p334/gems/activerecord-2.3.11/lib/active_record/connection_adapters/abstract/connection_pool.rb:188:in `checkout'
    /Users/walker/.rvm/gems/ruby-1.8.7-p334/gems/activerecord-2.3.11/lib/active_record/connection_adapters/abstract/connection_pool.rb:184:in `loop'
    /Users/walker/.rvm/gems/ruby-1.8.7-p334/gems/activerecord-2.3.11/lib/active_record/connection_adapters/abstract/connection_pool.rb:184:in `checkout'
    /Users/walker/.rvm/rubies/ruby-1.8.7-p334/lib/ruby/1.8/monitor.rb:242:in `synchronize'
    /Users/walker/.rvm/gems/ruby-1.8.7-p334/gems/activerecord-2.3.11/lib/active_record/connection_adapters/abstract/connection_pool.rb:183:in `checkout'
    /Users/walker/.rvm/gems/ruby-1.8.7-p334/gems/activerecord-2.3.11/lib/active_record/connection_adapters/abstract/connection_pool.rb:98:in `connection'
    /Users/walker/.rvm/gems/ruby-1.8.7-p334/gems/activerecord-2.3.11/lib/active_record/connection_adapters/abstract/connection_pool.rb:326:in `retrieve_connection'
    /Users/walker/.rvm/gems/ruby-1.8.7-p334/gems/activerecord-2.3.11/lib/active_record/connection_adapters/abstract/connection_specification.rb:123:in `retrieve_connection'
    /Users/walker/.rvm/gems/ruby-1.8.7-p334/gems/activerecord-2.3.11/lib/active_record/connection_adapters/abstract/connection_specification.rb:115:in `connection'
    /Users/walker/.rvm/gems/ruby-1.8.7-p334/gems/activerecord-2.3.11/lib/active_record/query_cache.rb:9:in `cache'
    /Users/walker/.rvm/gems/ruby-1.8.7-p334/gems/activerecord-2.3.11/lib/active_record/query_cache.rb:28:in `call'
    /Users/walker/.rvm/gems/ruby-1.8.7-p334/gems/activerecord-2.3.11/lib/active_record/connection_adapters/abstract/connection_pool.rb:361:in `call'
    /Users/walker/.rvm/gems/ruby-1.8.7-p334/gems/actionpack-2.3.11/lib/action_controller/string_coercion.rb:25:in `call'
    /Users/walker/.rvm/gems/ruby-1.8.7-p334/gems/rack-1.1.2/lib/rack/head.rb:9:in `call'
    /Users/walker/.rvm/gems/ruby-1.8.7-p334/gems/rack-1.1.2/lib/rack/methodoverride.rb:24:in `call'
    /Users/walker/.rvm/gems/ruby-1.8.7-p334/gems/actionpack-2.3.11/lib/action_controller/params_parser.rb:15:in `call'
    /Users/walker/.rvm/gems/ruby-1.8.7-p334/gems/actionpack-2.3.11/lib/action_controller/session/cookie_store.rb:99:in `call'
    /Users/walker/.rvm/gems/ruby-1.8.7-p334/gems/actionpack-2.3.11/lib/action_controller/failsafe.rb:26:in `call'
    /Users/walker/.rvm/gems/ruby-1.8.7-p334/gems/rack-1.1.2/lib/rack/lock.rb:11:in `call'
    /Users/walker/.rvm/gems/ruby-1.8.7-p334/gems/rack-1.1.2/lib/rack/lock.rb:11:in `synchronize'
    /Users/walker/.rvm/gems/ruby-1.8.7-p334/gems/rack-1.1.2/lib/rack/lock.rb:11:in `call'
    /Users/walker/.rvm/gems/ruby-1.8.7-p334/gems/actionpack-2.3.11/lib/action_controller/dispatcher.rb:114:in `call'
    /Users/walker/.rvm/gems/ruby-1.8.7-p334/gems/actionpack-2.3.11/lib/action_controller/reloader.rb:34:in `run'
    /Users/walker/.rvm/gems/ruby-1.8.7-p334/gems/actionpack-2.3.11/lib/action_controller/dispatcher.rb:108:in `call'
    /Users/walker/.rvm/gems/ruby-1.8.7-p334/gems/rails-2.3.11/lib/rails/rack/static.rb:31:in `call'
    /Users/walker/.rvm/gems/ruby-1.8.7-p334/gems/rack-1.1.2/lib/rack/urlmap.rb:47:in `call'
    /Users/walker/.rvm/gems/ruby-1.8.7-p334/gems/rack-1.1.2/lib/rack/urlmap.rb:41:in `each'
    /Users/walker/.rvm/gems/ruby-1.8.7-p334/gems/rack-1.1.2/lib/rack/urlmap.rb:41:in `call'
    /Users/walker/.rvm/gems/ruby-1.8.7-p334/gems/rails-2.3.11/lib/rails/rack/log_tailer.rb:17:in `call'
    /Users/walker/.rvm/gems/ruby-1.8.7-p334/gems/rack-1.1.2/lib/rack/content_length.rb:13:in `call'
    /Users/walker/.rvm/gems/ruby-1.8.7-p334/gems/rack-1.1.2/lib/rack/handler/webrick.rb:48:in `service'
    /Users/walker/.rvm/rubies/ruby-1.8.7-p334/lib/ruby/1.8/webrick/httpserver.rb:104:in `service'
    /Users/walker/.rvm/rubies/ruby-1.8.7-p334/lib/ruby/1.8/webrick/httpserver.rb:65:in `run'
    /Users/walker/.rvm/rubies/ruby-1.8.7-p334/lib/ruby/1.8/webrick/server.rb:173:in `start_thread'
    /Users/walker/.rvm/rubies/ruby-1.8.7-p334/lib/ruby/1.8/webrick/server.rb:162:in `start'
    /Users/walker/.rvm/rubies/ruby-1.8.7-p334/lib/ruby/1.8/webrick/server.rb:162:in `start_thread'
    /Users/walker/.rvm/rubies/ruby-1.8.7-p334/lib/ruby/1.8/webrick/server.rb:95:in `start'
    /Users/walker/.rvm/rubies/ruby-1.8.7-p334/lib/ruby/1.8/webrick/server.rb:92:in `each'
    /Users/walker/.rvm/rubies/ruby-1.8.7-p334/lib/ruby/1.8/webrick/server.rb:92:in `start'
    /Users/walker/.rvm/rubies/ruby-1.8.7-p334/lib/ruby/1.8/webrick/server.rb:23:in `start'
    /Users/walker/.rvm/rubies/ruby-1.8.7-p334/lib/ruby/1.8/webrick/server.rb:82:in `start'
    /Users/walker/.rvm/gems/ruby-1.8.7-p334/gems/rack-1.1.2/lib/rack/handler/webrick.rb:14:in `run'
    /Users/walker/.rvm/gems/ruby-1.8.7-p334/gems/rails-2.3.11/lib/commands/server.rb:111
    /Users/walker/.rvm/rubies/ruby-1.8.7-p334/lib/ruby/site_ruby/1.8/rubygems/custom_require.rb:36:in `gem_original_require'
    /Users/walker/.rvm/rubies/ruby-1.8.7-p334/lib/ruby/site_ruby/1.8/rubygems/custom_require.rb:36:in `require'
    ./script/server:3
  [4;36;1mSQL (0.2ms)[0m   [0;1mSET SQL_AUTO_IS_NULL=0[0m


Processing Rails::InfoController#properties (for 127.0.0.1 at 2011-09-03 11:29:49) [GET]
  [4;35;1mSQL (0.3ms)[0m   [0mSHOW TABLES[0m
Completed in 10ms (View: 1, DB: 0) | 200 OK [http://localhost/rails/info/properties]
  [4;36;1mSQL (0.1ms)[0m   [0;1mSET SQL_AUTO_IS_NULL=0[0m


Processing Rails::InfoController#properties (for 127.0.0.1 at 2011-09-03 11:32:07) [GET]
  [4;35;1mSQL (0.3ms)[0m   [0mSHOW TABLES[0m
Completed in 8ms (View: 1, DB: 0) | 200 OK [http://localhost/rails/info/properties]
  [4;36;1mSQL (0.1ms)[0m   [0;1mSET SQL_AUTO_IS_NULL=0[0m


Processing ApplicationController#index (for 127.0.0.1 at 2011-09-03 11:32:15) [GET]

ActionController::RoutingError (No route matches "/gitcheegumee" with {:method=>:get}):
  /Users/walker/.rvm/rubies/ruby-1.8.7-p334/lib/ruby/1.8/webrick/httpserver.rb:104:in `service'
  /Users/walker/.rvm/rubies/ruby-1.8.7-p334/lib/ruby/1.8/webrick/httpserver.rb:65:in `run'
  /Users/walker/.rvm/rubies/ruby-1.8.7-p334/lib/ruby/1.8/webrick/server.rb:173:in `start_thread'
  /Users/walker/.rvm/rubies/ruby-1.8.7-p334/lib/ruby/1.8/webrick/server.rb:162:in `start'
  /Users/walker/.rvm/rubies/ruby-1.8.7-p334/lib/ruby/1.8/webrick/server.rb:162:in `start_thread'
  /Users/walker/.rvm/rubies/ruby-1.8.7-p334/lib/ruby/1.8/webrick/server.rb:95:in `start'
  /Users/walker/.rvm/rubies/ruby-1.8.7-p334/lib/ruby/1.8/webrick/server.rb:92:in `each'
  /Users/walker/.rvm/rubies/ruby-1.8.7-p334/lib/ruby/1.8/webrick/server.rb:92:in `start'
  /Users/walker/.rvm/rubies/ruby-1.8.7-p334/lib/ruby/1.8/webrick/server.rb:23:in `start'
  /Users/walker/.rvm/rubies/ruby-1.8.7-p334/lib/ruby/1.8/webrick/server.rb:82:in `start'

Rendering rescues/layout (not_found)
  [4;35;1mSQL (0.1ms)[0m   [0mSET SQL_AUTO_IS_NULL=0[0m


Processing Rails::InfoController#properties (for 127.0.0.1 at 2011-09-03 11:33:02) [GET]
  [4;36;1mSQL (0.2ms)[0m   [0;1mSHOW TABLES[0m
Completed in 6ms (View: 1, DB: 0) | 200 OK [http://localhost/rails/info/properties]
  [4;36;1mSQL (0.1ms)[0m   [0;1mSET SQL_AUTO_IS_NULL=0[0m
  [4;35;1mSQL (0.2ms)[0m   [0mSHOW TABLES[0m
  [4;36;1mSQL (94.3ms)[0m   [0;1mCREATE TABLE `schema_migrations` (`version` varchar(255) NOT NULL) ENGINE=InnoDB[0m
  [4;35;1mSQL (0.3ms)[0m   [0mSHOW KEYS FROM `schema_migrations`[0m
  [4;36;1mSQL (185.8ms)[0m   [0;1mCREATE UNIQUE INDEX `unique_schema_migrations` ON `schema_migrations` (`version`)[0m
  [4;35;1mSQL (0.2ms)[0m   [0mSHOW TABLES[0m
  [4;36;1mSQL (0.1ms)[0m   [0;1mSELECT version FROM schema_migrations[0m
Migrating to CreateLocations (20110903183729)
  [4;35;1mSQL (9.8ms)[0m   [0mCREATE TABLE `locations` (`id` int(11) DEFAULT NULL auto_increment PRIMARY KEY, `title` varchar(255), `description` text, `created_at` datetime, `updated_at` datetime) ENGINE=InnoDB[0m
  [4;36;1mSQL (0.3ms)[0m   [0;1mINSERT INTO schema_migrations (version) VALUES ('20110903183729')[0m
  [4;35;1mSQL (0.2ms)[0m   [0mSHOW TABLES[0m
  [4;36;1mSQL (0.1ms)[0m   [0;1mSELECT version FROM schema_migrations[0m
  [4;35;1mSQL (0.1ms)[0m   [0mSHOW TABLES[0m
  [4;36;1mSQL (1.6ms)[0m   [0;1mSHOW FIELDS FROM `locations`[0m
  [4;35;1mSQL (0.8ms)[0m   [0mdescribe `locations`[0m
  [4;36;1mSQL (0.1ms)[0m   [0;1mSHOW KEYS FROM `locations`[0m
  [4;36;1mSQL (0.1ms)[0m   [0;1mSET SQL_AUTO_IS_NULL=0[0m


Processing ApplicationController#index (for 127.0.0.1 at 2011-09-03 11:40:19) [GET]

ActionController::RoutingError (No route matches "/locations" with {:method=>:get}):
  /Users/walker/.rvm/rubies/ruby-1.8.7-p334/lib/ruby/1.8/webrick/httpserver.rb:104:in `service'
  /Users/walker/.rvm/rubies/ruby-1.8.7-p334/lib/ruby/1.8/webrick/httpserver.rb:65:in `run'
  /Users/walker/.rvm/rubies/ruby-1.8.7-p334/lib/ruby/1.8/webrick/server.rb:173:in `start_thread'
  /Users/walker/.rvm/rubies/ruby-1.8.7-p334/lib/ruby/1.8/webrick/server.rb:162:in `start'
  /Users/walker/.rvm/rubies/ruby-1.8.7-p334/lib/ruby/1.8/webrick/server.rb:162:in `start_thread'
  /Users/walker/.rvm/rubies/ruby-1.8.7-p334/lib/ruby/1.8/webrick/server.rb:95:in `start'
  /Users/walker/.rvm/rubies/ruby-1.8.7-p334/lib/ruby/1.8/webrick/server.rb:92:in `each'
  /Users/walker/.rvm/rubies/ruby-1.8.7-p334/lib/ruby/1.8/webrick/server.rb:92:in `start'
  /Users/walker/.rvm/rubies/ruby-1.8.7-p334/lib/ruby/1.8/webrick/server.rb:23:in `start'
  /Users/walker/.rvm/rubies/ruby-1.8.7-p334/lib/ruby/1.8/webrick/server.rb:82:in `start'

Rendering rescues/layout (not_found)
  [4;36;1mSQL (0.2ms)[0m   [0;1mSET SQL_AUTO_IS_NULL=0[0m


Processing ApplicationController#index (for 127.0.0.1 at 2011-09-03 11:41:28) [GET]

ActionController::RoutingError (No route matches "/locations" with {:method=>:get}):
  /Users/walker/.rvm/rubies/ruby-1.8.7-p334/lib/ruby/1.8/webrick/httpserver.rb:104:in `service'
  /Users/walker/.rvm/rubies/ruby-1.8.7-p334/lib/ruby/1.8/webrick/httpserver.rb:65:in `run'
  /Users/walker/.rvm/rubies/ruby-1.8.7-p334/lib/ruby/1.8/webrick/server.rb:173:in `start_thread'
  /Users/walker/.rvm/rubies/ruby-1.8.7-p334/lib/ruby/1.8/webrick/server.rb:162:in `start'
  /Users/walker/.rvm/rubies/ruby-1.8.7-p334/lib/ruby/1.8/webrick/server.rb:162:in `start_thread'
  /Users/walker/.rvm/rubies/ruby-1.8.7-p334/lib/ruby/1.8/webrick/server.rb:95:in `start'
  /Users/walker/.rvm/rubies/ruby-1.8.7-p334/lib/ruby/1.8/webrick/server.rb:92:in `each'
  /Users/walker/.rvm/rubies/ruby-1.8.7-p334/lib/ruby/1.8/webrick/server.rb:92:in `start'
  /Users/walker/.rvm/rubies/ruby-1.8.7-p334/lib/ruby/1.8/webrick/server.rb:23:in `start'
  /Users/walker/.rvm/rubies/ruby-1.8.7-p334/lib/ruby/1.8/webrick/server.rb:82:in `start'

Rendering rescues/layout (not_found)
  [4;35;1mSQL (0.1ms)[0m   [0mSET SQL_AUTO_IS_NULL=0[0m


Processing ApplicationController#index (for 127.0.0.1 at 2011-09-03 11:41:30) [GET]

ActionController::RoutingError (No route matches "/locations" with {:method=>:get}):
  /Users/walker/.rvm/rubies/ruby-1.8.7-p334/lib/ruby/1.8/webrick/httpserver.rb:104:in `service'
  /Users/walker/.rvm/rubies/ruby-1.8.7-p334/lib/ruby/1.8/webrick/httpserver.rb:65:in `run'
  /Users/walker/.rvm/rubies/ruby-1.8.7-p334/lib/ruby/1.8/webrick/server.rb:173:in `start_thread'
  /Users/walker/.rvm/rubies/ruby-1.8.7-p334/lib/ruby/1.8/webrick/server.rb:162:in `start'
  /Users/walker/.rvm/rubies/ruby-1.8.7-p334/lib/ruby/1.8/webrick/server.rb:162:in `start_thread'
  /Users/walker/.rvm/rubies/ruby-1.8.7-p334/lib/ruby/1.8/webrick/server.rb:95:in `start'
  /Users/walker/.rvm/rubies/ruby-1.8.7-p334/lib/ruby/1.8/webrick/server.rb:92:in `each'
  /Users/walker/.rvm/rubies/ruby-1.8.7-p334/lib/ruby/1.8/webrick/server.rb:92:in `start'
  /Users/walker/.rvm/rubies/ruby-1.8.7-p334/lib/ruby/1.8/webrick/server.rb:23:in `start'
  /Users/walker/.rvm/rubies/ruby-1.8.7-p334/lib/ruby/1.8/webrick/server.rb:82:in `start'

Rendering rescues/layout (not_found)
  [4;36;1mSQL (0.1ms)[0m   [0;1mSET SQL_AUTO_IS_NULL=0[0m


Processing Rails::InfoController#properties (for 127.0.0.1 at 2011-09-03 11:41:37) [GET]
  [4;35;1mSQL (0.3ms)[0m   [0mSHOW TABLES[0m
  [4;36;1mSQL (0.2ms)[0m   [0;1mSELECT version FROM schema_migrations[0m
Completed in 8ms (View: 1, DB: 1) | 200 OK [http://localhost/rails/info/properties]
  [4;35;1mSQL (0.1ms)[0m   [0mSET SQL_AUTO_IS_NULL=0[0m


Processing ApplicationController#index (for 127.0.0.1 at 2011-09-03 11:41:40) [GET]

ActionController::RoutingError (No route matches "/locations" with {:method=>:get}):
  /Users/walker/.rvm/rubies/ruby-1.8.7-p334/lib/ruby/1.8/webrick/httpserver.rb:104:in `service'
  /Users/walker/.rvm/rubies/ruby-1.8.7-p334/lib/ruby/1.8/webrick/httpserver.rb:65:in `run'
  /Users/walker/.rvm/rubies/ruby-1.8.7-p334/lib/ruby/1.8/webrick/server.rb:173:in `start_thread'
  /Users/walker/.rvm/rubies/ruby-1.8.7-p334/lib/ruby/1.8/webrick/server.rb:162:in `start'
  /Users/walker/.rvm/rubies/ruby-1.8.7-p334/lib/ruby/1.8/webrick/server.rb:162:in `start_thread'
  /Users/walker/.rvm/rubies/ruby-1.8.7-p334/lib/ruby/1.8/webrick/server.rb:95:in `start'
  /Users/walker/.rvm/rubies/ruby-1.8.7-p334/lib/ruby/1.8/webrick/server.rb:92:in `each'
  /Users/walker/.rvm/rubies/ruby-1.8.7-p334/lib/ruby/1.8/webrick/server.rb:92:in `start'
  /Users/walker/.rvm/rubies/ruby-1.8.7-p334/lib/ruby/1.8/webrick/server.rb:23:in `start'
  /Users/walker/.rvm/rubies/ruby-1.8.7-p334/lib/ruby/1.8/webrick/server.rb:82:in `start'

Rendering rescues/layout (not_found)
  [4;36;1mSQL (0.1ms)[0m   [0;1mSET SQL_AUTO_IS_NULL=0[0m


Processing LocationController#1 (for 127.0.0.1 at 2011-09-03 11:41:43) [GET]

ActionController::UnknownAction (No action responded to 1. Actions: ):
  /Users/walker/.rvm/rubies/ruby-1.8.7-p334/lib/ruby/1.8/webrick/httpserver.rb:104:in `service'
  /Users/walker/.rvm/rubies/ruby-1.8.7-p334/lib/ruby/1.8/webrick/httpserver.rb:65:in `run'
  /Users/walker/.rvm/rubies/ruby-1.8.7-p334/lib/ruby/1.8/webrick/server.rb:173:in `start_thread'
  /Users/walker/.rvm/rubies/ruby-1.8.7-p334/lib/ruby/1.8/webrick/server.rb:162:in `start'
  /Users/walker/.rvm/rubies/ruby-1.8.7-p334/lib/ruby/1.8/webrick/server.rb:162:in `start_thread'
  /Users/walker/.rvm/rubies/ruby-1.8.7-p334/lib/ruby/1.8/webrick/server.rb:95:in `start'
  /Users/walker/.rvm/rubies/ruby-1.8.7-p334/lib/ruby/1.8/webrick/server.rb:92:in `each'
  /Users/walker/.rvm/rubies/ruby-1.8.7-p334/lib/ruby/1.8/webrick/server.rb:92:in `start'
  /Users/walker/.rvm/rubies/ruby-1.8.7-p334/lib/ruby/1.8/webrick/server.rb:23:in `start'
  /Users/walker/.rvm/rubies/ruby-1.8.7-p334/lib/ruby/1.8/webrick/server.rb:82:in `start'

Rendering rescues/layout (not_found)
  [4;36;1mSQL (0.1ms)[0m   [0;1mSET SQL_AUTO_IS_NULL=0[0m
  [4;35;1mSQL (0.2ms)[0m   [0mSHOW TABLES[0m
  [4;36;1mSQL (0.1ms)[0m   [0;1mSELECT version FROM schema_migrations[0m
  [4;35;1mSQL (0.1ms)[0m   [0mSET SQL_AUTO_IS_NULL=0[0m
  [4;36;1mSQL (2.2ms)[0m   [0;1mDROP DATABASE IF EXISTS `gitcheegumee_test`[0m
  [4;35;1mSQL (0.2ms)[0m   [0mCREATE DATABASE `gitcheegumee_test` DEFAULT CHARACTER SET `utf8`[0m
  [4;36;1mSQL (0.1ms)[0m   [0;1mSET SQL_AUTO_IS_NULL=0[0m
  [4;35;1mSQL (0.2ms)[0m   [0mSHOW TABLES[0m
  [4;36;1mSQL (19.7ms)[0m   [0;1mCREATE TABLE `locations` (`id` int(11) DEFAULT NULL auto_increment PRIMARY KEY, `title` varchar(255), `description` text, `created_at` datetime, `updated_at` datetime) ENGINE=InnoDB[0m
  [4;35;1mSQL (0.3ms)[0m   [0mSHOW TABLES[0m
  [4;36;1mSQL (11.7ms)[0m   [0;1mCREATE TABLE `schema_migrations` (`version` varchar(255) NOT NULL) ENGINE=InnoDB[0m
  [4;35;1mSQL (0.3ms)[0m   [0mSHOW KEYS FROM `schema_migrations`[0m
  [4;36;1mSQL (9.2ms)[0m   [0;1mCREATE UNIQUE INDEX `unique_schema_migrations` ON `schema_migrations` (`version`)[0m
  [4;35;1mSQL (0.2ms)[0m   [0mSHOW TABLES[0m
  [4;36;1mSQL (0.2ms)[0m   [0;1mSELECT version FROM `schema_migrations`[0m
  [4;35;1mSQL (0.2ms)[0m   [0mINSERT INTO `schema_migrations` (version) VALUES ('20110903183729')[0m
  [4;36;1mSQL (0.1ms)[0m   [0;1mSET SQL_AUTO_IS_NULL=0[0m
  [4;35;1mSQL (0.2ms)[0m   [0mSHOW TABLES[0m
  [4;36;1mSQL (0.1ms)[0m   [0;1mSELECT version FROM schema_migrations[0m
Migrating to CreateLocations (20110903183729)
  [4;35;1mSQL (0.2ms)[0m   [0mSHOW TABLES[0m
  [4;36;1mSQL (0.1ms)[0m   [0;1mSELECT version FROM schema_migrations[0m
  [4;35;1mSQL (0.1ms)[0m   [0mSHOW TABLES[0m
  [4;36;1mSQL (2.7ms)[0m   [0;1mSHOW FIELDS FROM `locations`[0m
  [4;35;1mSQL (0.6ms)[0m   [0mdescribe `locations`[0m
  [4;36;1mSQL (0.1ms)[0m   [0;1mSHOW KEYS FROM `locations`[0m
  [4;36;1mSQL (0.1ms)[0m   [0;1mSET SQL_AUTO_IS_NULL=0[0m


Processing LocationsController#index (for 127.0.0.1 at 2011-09-03 11:44:02) [GET]
  [4;35;1mLocation Load (0.2ms)[0m   [0mSELECT * FROM `locations` [0m
Rendering template within layouts/locations
Rendering locations/index
Completed in 10ms (View: 7, DB: 0) | 200 OK [http://localhost/locations]
  [4;36;1mSQL (0.1ms)[0m   [0;1mSET SQL_AUTO_IS_NULL=0[0m


Processing LocationsController#new (for 127.0.0.1 at 2011-09-03 11:44:05) [GET]
  [4;35;1mLocation Columns (1.7ms)[0m   [0mSHOW FIELDS FROM `locations`[0m
Rendering template within layouts/locations
Rendering locations/new
Completed in 14ms (View: 10, DB: 2) | 200 OK [http://localhost/locations/new]
  [4;36;1mSQL (0.1ms)[0m   [0;1mSET SQL_AUTO_IS_NULL=0[0m


Processing LocationsController#create (for 127.0.0.1 at 2011-09-03 11:44:13) [POST]
  Parameters: {"location"=>{"title"=>"Grand Central", "description"=>"this is the grand central terminal"}, "commit"=>"Create", "authenticity_token"=>"eVjCgFKFHpU+DeTIz9VjLdWKsfMxI4wR4rT45G543vU="}
  [4;35;1mLocation Columns (0.6ms)[0m   [0mSHOW FIELDS FROM `locations`[0m
  [4;36;1mSQL (0.2ms)[0m   [0;1mBEGIN[0m
  [4;35;1mLocation Create (0.2ms)[0m   [0mINSERT INTO `locations` (`created_at`, `title`, `updated_at`, `description`) VALUES('2011-09-03 18:44:13', 'Grand Central', '2011-09-03 18:44:13', 'this is the grand central terminal')[0m
  [4;36;1mSQL (0.2ms)[0m   [0;1mCOMMIT[0m
Redirected to http://localhost:3000/locations/1
Completed in 34ms (DB: 1) | 302 Found [http://localhost/locations]
  [4;35;1mSQL (0.1ms)[0m   [0mSET SQL_AUTO_IS_NULL=0[0m


Processing LocationsController#show (for 127.0.0.1 at 2011-09-03 11:44:13) [GET]
  Parameters: {"id"=>"1"}
  [4;36;1mLocation Columns (0.7ms)[0m   [0;1mSHOW FIELDS FROM `locations`[0m
  [4;35;1mLocation Load (0.2ms)[0m   [0mSELECT * FROM `locations` WHERE (`locations`.`id` = 1) [0m
Rendering template within layouts/locations
Rendering locations/show
Completed in 7ms (View: 4, DB: 1) | 200 OK [http://localhost/locations/1]
  [4;36;1mSQL (0.1ms)[0m   [0;1mSET SQL_AUTO_IS_NULL=0[0m


Processing LocationsController#index (for 127.0.0.1 at 2011-09-03 11:44:16) [GET]
  [4;35;1mLocation Load (0.2ms)[0m   [0mSELECT * FROM `locations` [0m
Rendering template within layouts/locations
Rendering locations/index
  [4;36;1mLocation Columns (1.8ms)[0m   [0;1mSHOW FIELDS FROM `locations`[0m
Completed in 7ms (View: 3, DB: 2) | 200 OK [http://localhost/locations]
  [4;35;1mSQL (0.1ms)[0m   [0mSET SQL_AUTO_IS_NULL=0[0m


Processing LocationsController#show (for 127.0.0.1 at 2011-09-03 11:44:18) [GET]
  Parameters: {"id"=>"1"}
  [4;36;1mLocation Columns (2.0ms)[0m   [0;1mSHOW FIELDS FROM `locations`[0m
  [4;35;1mLocation Load (0.2ms)[0m   [0mSELECT * FROM `locations` WHERE (`locations`.`id` = 1) [0m
Rendering template within layouts/locations
Rendering locations/show
Completed in 7ms (View: 2, DB: 2) | 200 OK [http://localhost/locations/1]
  [4;36;1mSQL (0.1ms)[0m   [0;1mSET SQL_AUTO_IS_NULL=0[0m


Processing LocationsController#index (for 127.0.0.1 at 2011-09-03 11:44:20) [GET]
  [4;35;1mLocation Load (0.2ms)[0m   [0mSELECT * FROM `locations` [0m
Rendering template within layouts/locations
Rendering locations/index
  [4;36;1mLocation Columns (1.7ms)[0m   [0;1mSHOW FIELDS FROM `locations`[0m
Completed in 8ms (View: 3, DB: 2) | 200 OK [http://localhost/locations]
  [4;36;1mSQL (0.1ms)[0m   [0;1mSET SQL_AUTO_IS_NULL=0[0m
  [4;35;1mSQL (0.3ms)[0m   [0mSHOW TABLES[0m
  [4;36;1mSQL (0.1ms)[0m   [0;1mSELECT version FROM schema_migrations[0m
Migrating to CreateLocations (20110903183729)
Migrating to CreatePassages (20110903185723)
  [4;35;1mSQL (12.5ms)[0m   [0mCREATE TABLE `passages` (`id` int(11) DEFAULT NULL auto_increment PRIMARY KEY, `title` varchar(255), `source_id` int(11), `destination_id` int(11), `created_at` datetime, `updated_at` datetime) ENGINE=InnoDB[0m
  [4;36;1mSQL (0.3ms)[0m   [0;1mINSERT INTO schema_migrations (version) VALUES ('20110903185723')[0m
  [4;35;1mSQL (0.2ms)[0m   [0mSHOW TABLES[0m
  [4;36;1mSQL (0.1ms)[0m   [0;1mSELECT version FROM schema_migrations[0m
  [4;35;1mSQL (0.1ms)[0m   [0mSHOW TABLES[0m
  [4;36;1mSQL (0.5ms)[0m   [0;1mSHOW FIELDS FROM `locations`[0m
  [4;35;1mSQL (0.4ms)[0m   [0mdescribe `locations`[0m
  [4;36;1mSQL (0.1ms)[0m   [0;1mSHOW KEYS FROM `locations`[0m
  [4;35;1mSQL (0.5ms)[0m   [0mSHOW FIELDS FROM `passages`[0m
  [4;36;1mSQL (0.8ms)[0m   [0;1mdescribe `passages`[0m
  [4;35;1mSQL (0.1ms)[0m   [0mSHOW KEYS FROM `passages`[0m
  [4;36;1mSQL (0.1ms)[0m   [0;1mSET SQL_AUTO_IS_NULL=0[0m


Processing PassagesController#index (for 127.0.0.1 at 2011-09-03 11:58:21) [GET]
  [4;35;1mPassage Load (0.2ms)[0m   [0mSELECT * FROM `passages` [0m
Rendering template within layouts/passages
Rendering passages/index
Completed in 10ms (View: 7, DB: 0) | 200 OK [http://localhost/passages]
  [4;36;1mSQL (0.1ms)[0m   [0;1mSET SQL_AUTO_IS_NULL=0[0m


Processing PassagesController#new (for 127.0.0.1 at 2011-09-03 11:58:23) [GET]
  [4;35;1mPassage Columns (1.8ms)[0m   [0mSHOW FIELDS FROM `passages`[0m
Rendering template within layouts/passages
Rendering passages/new
Completed in 12ms (View: 8, DB: 2) | 200 OK [http://localhost/passages/new]
  [4;36;1mSQL (0.1ms)[0m   [0;1mSET SQL_AUTO_IS_NULL=0[0m


Processing PassagesController#create (for 127.0.0.1 at 2011-09-03 11:58:30) [POST]
  Parameters: {"commit"=>"Create", "authenticity_token"=>"eVjCgFKFHpU+DeTIz9VjLdWKsfMxI4wR4rT45G543vU=", "passage"=>{"title"=>"loopback", "destination_id"=>"1", "source_id"=>"1"}}
  [4;35;1mPassage Columns (0.8ms)[0m   [0mSHOW FIELDS FROM `passages`[0m
  [4;36;1mSQL (0.1ms)[0m   [0;1mBEGIN[0m
  [4;35;1mPassage Create (0.2ms)[0m   [0mINSERT INTO `passages` (`created_at`, `title`, `updated_at`, `destination_id`, `source_id`) VALUES('2011-09-03 18:58:30', 'loopback', '2011-09-03 18:58:30', 1, 1)[0m
  [4;36;1mSQL (0.3ms)[0m   [0;1mCOMMIT[0m
Redirected to http://localhost:3000/passages/1
Completed in 34ms (DB: 1) | 302 Found [http://localhost/passages]
  [4;35;1mSQL (0.1ms)[0m   [0mSET SQL_AUTO_IS_NULL=0[0m


Processing PassagesController#show (for 127.0.0.1 at 2011-09-03 11:58:30) [GET]
  Parameters: {"id"=>"1"}
  [4;36;1mPassage Columns (0.7ms)[0m   [0;1mSHOW FIELDS FROM `passages`[0m
  [4;35;1mPassage Load (0.2ms)[0m   [0mSELECT * FROM `passages` WHERE (`passages`.`id` = 1) [0m
Rendering template within layouts/passages
Rendering passages/show
Completed in 7ms (View: 4, DB: 1) | 200 OK [http://localhost/passages/1]
  [4;36;1mSQL (0.1ms)[0m   [0;1mSET SQL_AUTO_IS_NULL=0[0m


Processing PassagesController#index (for 127.0.0.1 at 2011-09-03 11:58:32) [GET]
  [4;35;1mPassage Load (0.2ms)[0m   [0mSELECT * FROM `passages` [0m
Rendering template within layouts/passages
Rendering passages/index
  [4;36;1mPassage Columns (1.7ms)[0m   [0;1mSHOW FIELDS FROM `passages`[0m
Completed in 8ms (View: 3, DB: 2) | 200 OK [http://localhost/passages]
  [4;35;1mSQL (0.1ms)[0m   [0mSET SQL_AUTO_IS_NULL=0[0m


Processing LocationsController#index (for 127.0.0.1 at 2011-09-03 11:58:36) [GET]
  [4;36;1mLocation Load (0.2ms)[0m   [0;1mSELECT * FROM `locations` [0m
Rendering template within layouts/locations
Rendering locations/index
  [4;35;1mLocation Columns (1.8ms)[0m   [0mSHOW FIELDS FROM `locations`[0m
Completed in 13ms (View: 8, DB: 2) | 200 OK [http://localhost/locations]
  [4;36;1mSQL (0.1ms)[0m   [0;1mSET SQL_AUTO_IS_NULL=0[0m


Processing LocationsController#index (for 127.0.0.1 at 2011-09-03 12:00:42) [GET]
  [4;35;1mLocation Load (0.3ms)[0m   [0mSELECT * FROM `locations` [0m
Rendering template within layouts/locations
Rendering locations/index
  [4;36;1mLocation Columns (0.6ms)[0m   [0;1mSHOW FIELDS FROM `locations`[0m
Completed in 10ms (View: 3, DB: 1) | 200 OK [http://localhost/locations]
  [4;35;1mSQL (0.1ms)[0m   [0mSET SQL_AUTO_IS_NULL=0[0m


Processing LocationsController#show (for 127.0.0.1 at 2011-09-03 12:00:44) [GET]
  Parameters: {"id"=>"1"}
  [4;36;1mLocation Columns (1.8ms)[0m   [0;1mSHOW FIELDS FROM `locations`[0m
  [4;35;1mLocation Load (0.2ms)[0m   [0mSELECT * FROM `locations` WHERE (`locations`.`id` = 1) [0m
Rendering template within layouts/locations
Rendering locations/show
Completed in 46ms (View: 41, DB: 2) | 200 OK [http://localhost/locations/1]
  [4;36;1mSQL (0.1ms)[0m   [0;1mSET SQL_AUTO_IS_NULL=0[0m


Processing LocationsController#index (for 127.0.0.1 at 2011-09-03 12:00:47) [GET]
  [4;35;1mLocation Load (0.2ms)[0m   [0mSELECT * FROM `locations` [0m
Rendering template within layouts/locations
Rendering locations/index
  [4;36;1mLocation Columns (1.7ms)[0m   [0;1mSHOW FIELDS FROM `locations`[0m
Completed in 8ms (View: 3, DB: 2) | 200 OK [http://localhost/locations]
  [4;36;1mSQL (0.1ms)[0m   [0;1mSET SQL_AUTO_IS_NULL=0[0m
  [4;35;1mSQL (0.2ms)[0m   [0mSHOW TABLES[0m
  [4;36;1mSQL (0.1ms)[0m   [0;1mSELECT version FROM schema_migrations[0m
  [4;35;1mSQL (0.1ms)[0m   [0mSET SQL_AUTO_IS_NULL=0[0m
  [4;36;1mSQL (3.3ms)[0m   [0;1mDROP DATABASE IF EXISTS `gitcheegumee_test`[0m
  [4;35;1mSQL (0.2ms)[0m   [0mCREATE DATABASE `gitcheegumee_test` DEFAULT CHARACTER SET `utf8`[0m
  [4;36;1mSQL (0.1ms)[0m   [0;1mSET SQL_AUTO_IS_NULL=0[0m
  [4;35;1mSQL (0.2ms)[0m   [0mSHOW TABLES[0m
  [4;36;1mSQL (10.6ms)[0m   [0;1mCREATE TABLE `locations` (`id` int(11) DEFAULT NULL auto_increment PRIMARY KEY, `title` varchar(255), `description` text, `created_at` datetime, `updated_at` datetime) ENGINE=InnoDB[0m
  [4;35;1mSQL (0.3ms)[0m   [0mSHOW TABLES[0m
  [4;36;1mSQL (8.7ms)[0m   [0;1mCREATE TABLE `passages` (`id` int(11) DEFAULT NULL auto_increment PRIMARY KEY, `title` varchar(255), `source_id` int(11), `destination_id` int(11), `created_at` datetime, `updated_at` datetime) ENGINE=InnoDB[0m
  [4;35;1mSQL (0.1ms)[0m   [0mSHOW TABLES[0m
  [4;36;1mSQL (7.8ms)[0m   [0;1mCREATE TABLE `schema_migrations` (`version` varchar(255) NOT NULL) ENGINE=InnoDB[0m
  [4;35;1mSQL (0.2ms)[0m   [0mSHOW KEYS FROM `schema_migrations`[0m
  [4;36;1mSQL (8.5ms)[0m   [0;1mCREATE UNIQUE INDEX `unique_schema_migrations` ON `schema_migrations` (`version`)[0m
  [4;35;1mSQL (0.2ms)[0m   [0mSHOW TABLES[0m
  [4;36;1mSQL (0.1ms)[0m   [0;1mSELECT version FROM `schema_migrations`[0m
  [4;35;1mSQL (0.2ms)[0m   [0mINSERT INTO `schema_migrations` (version) VALUES ('20110903185723')[0m
  [4;36;1mSQL (0.6ms)[0m   [0;1mINSERT INTO `schema_migrations` (version) VALUES ('20110903183729')[0m
  [4;36;1mSQL (0.1ms)[0m   [0;1mSET SQL_AUTO_IS_NULL=0[0m
  [4;35;1mPassage Load (0.2ms)[0m   [0mSELECT * FROM `passages` [0m
  [4;36;1mPassage Columns (2.9ms)[0m   [0;1mSHOW FIELDS FROM `passages`[0m
  [4;35;1mLocation Columns (1.8ms)[0m   [0mSHOW FIELDS FROM `locations`[0m
  [4;36;1mLocation Load (0.2ms)[0m   [0;1mSELECT * FROM `locations` WHERE (`locations`.`id` = 1) [0m
  [4;35;1mLocation Load (0.2ms)[0m   [0mSELECT * FROM `locations` WHERE (`locations`.`id` = 1) [0m
  [4;36;1mLocation Load (0.2ms)[0m   [0;1mSELECT * FROM `locations` WHERE (`locations`.`id` = 1) [0m
  [4;35;1mPassage Load (0.0ms)[0m   [0mMysql::Error: Unknown column 'passages.source' in 'where clause': SELECT * FROM `passages` WHERE (`passages`.source = 1) [0m
  [4;36;1mSQL (0.1ms)[0m   [0;1mSET SQL_AUTO_IS_NULL=0[0m
  [4;35;1mLocation Columns (2.7ms)[0m   [0mSHOW FIELDS FROM `locations`[0m
  [4;36;1mLocation Load (0.2ms)[0m   [0;1mSELECT * FROM `locations` WHERE (`locations`.`id` = 1) [0m
  [4;35;1mPassage Load (0.2ms)[0m   [0mSELECT * FROM `passages` WHERE (`passages`.source_id = 1) [0m
  [4;36;1mPassage Columns (0.5ms)[0m   [0;1mSHOW FIELDS FROM `passages`[0m
